2564-02-08 11:39:22,540 [Worker-2: Loading available Gradle versions] INFO  o.e.b.c.i.u.g.PublishedGradleVersions - Gradle version information cache is up-to-date. Trying to read.
2564-02-08 11:39:52,411 [Worker-20: Creating project "workshop01"] INFO  o.e.m.c.i.l.LifecycleMappingFactory - Using org.eclipse.m2e.jdt.JarLifecycleMapping lifecycle mapping for MavenProject: com.training:workshop01:0.0.1-SNAPSHOT @ D:\Training\Advance JAVA Programming\Git\workshop01\pom.xml.
2564-02-08 11:39:53,270 [Worker-20: Creating project "workshop01"] INFO  o.e.m.j.i.AbstractJavaProjectConfigurator - Adding source folder /workshop01/src/main/java
2564-02-08 11:39:53,271 [Worker-20: Creating project "workshop01"] INFO  o.e.m.j.i.AbstractJavaProjectConfigurator - Adding resource folder /workshop01/src/main/resources
2564-02-08 11:39:53,273 [Worker-20: Creating project "workshop01"] INFO  o.e.m.j.i.AbstractJavaProjectConfigurator - Adding source folder /workshop01/src/test/java
2564-02-08 11:39:53,273 [Worker-20: Creating project "workshop01"] INFO  o.e.m.j.i.AbstractJavaProjectConfigurator - Adding resource folder /workshop01/src/test/resources
2564-02-08 11:39:54,204 [Worker-20: Creating project "workshop01"] WARN  o.e.m.c.i.embedder.EclipseLogger - Using platform encoding (MS874 actually) to copy filtered resources, i.e. build is platform dependent!
2564-02-08 11:39:54,228 [Worker-20: Creating project "workshop01"] INFO  o.e.m.c.i.embedder.EclipseLogger - Copying 0 resource
2564-02-08 11:39:54,230 [Worker-20: Creating project "workshop01"] WARN  o.e.m.c.i.embedder.EclipseLogger - Using platform encoding (MS874 actually) to copy filtered resources, i.e. build is platform dependent!
2564-02-08 11:39:54,233 [Worker-20: Creating project "workshop01"] INFO  o.e.m.c.i.embedder.EclipseLogger - Copying 0 resource
2564-02-08 11:39:54,760 [Worker-19: Building] WARN  o.e.m.c.i.embedder.EclipseLogger - Using platform encoding (MS874 actually) to copy filtered resources, i.e. build is platform dependent!
2564-02-08 11:39:54,764 [Worker-19: Building] INFO  o.e.m.c.i.embedder.EclipseLogger - Copying 0 resource
2564-02-08 11:39:54,766 [Worker-19: Building] WARN  o.e.m.c.i.embedder.EclipseLogger - Using platform encoding (MS874 actually) to copy filtered resources, i.e. build is platform dependent!
2564-02-08 11:39:54,768 [Worker-19: Building] INFO  o.e.m.c.i.embedder.EclipseLogger - Copying 0 resource
2564-02-08 11:39:56,312 [Worker-27: Building] WARN  o.e.m.c.i.embedder.EclipseLogger - Using platform encoding (MS874 actually) to copy filtered resources, i.e. build is platform dependent!
2564-02-08 11:39:56,314 [Worker-27: Building] INFO  o.e.m.c.i.embedder.EclipseLogger - Copying 0 resource
2564-02-08 11:39:56,316 [Worker-27: Building] WARN  o.e.m.c.i.embedder.EclipseLogger - Using platform encoding (MS874 actually) to copy filtered resources, i.e. build is platform dependent!
2564-02-08 11:39:56,318 [Worker-27: Building] INFO  o.e.m.c.i.embedder.EclipseLogger - Copying 0 resource
2564-02-08 11:40:02,852 [Worker-26: Building] WARN  o.e.m.c.i.embedder.EclipseLogger - Using platform encoding (MS874 actually) to copy filtered resources, i.e. build is platform dependent!
2564-02-08 11:40:02,876 [Worker-26: Building] INFO  o.e.m.c.i.embedder.EclipseLogger - Copying 0 resource
2564-02-08 11:40:02,877 [Worker-26: Building] WARN  o.e.m.c.i.embedder.EclipseLogger - Using platform encoding (MS874 actually) to copy filtered resources, i.e. build is platform dependent!
2564-02-08 11:40:02,882 [Worker-26: Building] INFO  o.e.m.c.i.embedder.EclipseLogger - Copying 0 resource
2564-02-08 11:40:03,901 [Worker-11: Building] WARN  o.e.m.c.i.embedder.EclipseLogger - Using platform encoding (MS874 actually) to copy filtered resources, i.e. build is platform dependent!
2564-02-08 11:40:03,903 [Worker-11: Building] INFO  o.e.m.c.i.embedder.EclipseLogger - Copying 0 resource
2564-02-08 11:40:03,905 [Worker-11: Building] WARN  o.e.m.c.i.embedder.EclipseLogger - Using platform encoding (MS874 actually) to copy filtered resources, i.e. build is platform dependent!
2564-02-08 11:40:03,908 [Worker-11: Building] INFO  o.e.m.c.i.embedder.EclipseLogger - Copying 0 resource
